2023-11-28 00:15:04,108 [Worker-1: Loading available Gradle versions] INFO  o.e.b.c.i.u.g.PublishedGradleVersions - Gradle version information cache is up-to-date. Trying to read.
2023-11-28 00:18:51,374 [Worker-1: Loading available Gradle versions] INFO  o.e.b.c.i.u.g.PublishedGradleVersions - Gradle version information cache is up-to-date. Trying to read.
2023-11-28 00:21:58,127 [Worker-36: Launching mavenrun-7cd911fc-0b2c-40fd-8830-469f0f93483f] INFO  o.eclipse.m2e.core.internal.Bundles - getClasspathEntries(Bundle=org.eclipse.m2e.maven.runtime_3.8.604.20221130-2149 [685])
2023-11-28 00:21:58,133 [Worker-36: Launching mavenrun-7cd911fc-0b2c-40fd-8830-469f0f93483f] INFO  o.eclipse.m2e.core.internal.Bundles - 	Entry: /Users/kvashisth/.p2/pool/plugins/org.eclipse.m2e.maven.runtime_3.8.604.20221130-2149
2023-11-28 00:21:58,147 [Worker-36: Launching mavenrun-7cd911fc-0b2c-40fd-8830-469f0f93483f] INFO  o.eclipse.m2e.core.internal.Bundles - 	Entry: /Users/kvashisth/.p2/pool/plugins/org.eclipse.m2e.maven.runtime_3.8.604.20221130-2149/jars/aether-connector-okhttp-0.17.8.jar
2023-11-28 00:21:58,148 [Worker-36: Launching mavenrun-7cd911fc-0b2c-40fd-8830-469f0f93483f] INFO  o.eclipse.m2e.core.internal.Bundles - 	Entry: /Users/kvashisth/.p2/pool/plugins/org.eclipse.m2e.maven.runtime_3.8.604.20221130-2149/jars/commons-cli-1.4.jar
2023-11-28 00:21:58,165 [Worker-36: Launching mavenrun-7cd911fc-0b2c-40fd-8830-469f0f93483f] INFO  o.eclipse.m2e.core.internal.Bundles - 	Entry: /Users/kvashisth/.p2/pool/plugins/org.eclipse.m2e.maven.runtime_3.8.604.20221130-2149/jars/commons-io-2.6.jar
2023-11-28 00:21:58,166 [Worker-36: Launching mavenrun-7cd911fc-0b2c-40fd-8830-469f0f93483f] INFO  o.eclipse.m2e.core.internal.Bundles - 	Entry: /Users/kvashisth/.p2/pool/plugins/org.eclipse.m2e.maven.runtime_3.8.604.20221130-2149/jars/commons-lang3-3.8.1.jar
2023-11-28 00:21:58,166 [Worker-36: Launching mavenrun-7cd911fc-0b2c-40fd-8830-469f0f93483f] INFO  o.eclipse.m2e.core.internal.Bundles - 	Entry: /Users/kvashisth/.p2/pool/plugins/org.eclipse.m2e.maven.runtime_3.8.604.20221130-2149/jars/guice-4.2.2-no_aop.jar
2023-11-28 00:21:58,166 [Worker-36: Launching mavenrun-7cd911fc-0b2c-40fd-8830-469f0f93483f] INFO  o.eclipse.m2e.core.internal.Bundles - 	Entry: /Users/kvashisth/.p2/pool/plugins/org.eclipse.m2e.maven.runtime_3.8.604.20221130-2149/jars/jansi-2.4.0.jar
2023-11-28 00:21:58,166 [Worker-36: Launching mavenrun-7cd911fc-0b2c-40fd-8830-469f0f93483f] INFO  o.eclipse.m2e.core.internal.Bundles - 	Entry: /Users/kvashisth/.p2/pool/plugins/org.eclipse.m2e.maven.runtime_3.8.604.20221130-2149/jars/maven-artifact-3.8.6.jar
2023-11-28 00:21:58,166 [Worker-36: Launching mavenrun-7cd911fc-0b2c-40fd-8830-469f0f93483f] INFO  o.eclipse.m2e.core.internal.Bundles - 	Entry: /Users/kvashisth/.p2/pool/plugins/org.eclipse.m2e.maven.runtime_3.8.604.20221130-2149/jars/maven-builder-support-3.8.6.jar
2023-11-28 00:21:58,166 [Worker-36: Launching mavenrun-7cd911fc-0b2c-40fd-8830-469f0f93483f] INFO  o.eclipse.m2e.core.internal.Bundles - 	Entry: /Users/kvashisth/.p2/pool/plugins/org.eclipse.m2e.maven.runtime_3.8.604.20221130-2149/jars/maven-compat-3.8.6.jar
2023-11-28 00:21:58,166 [Worker-36: Launching mavenrun-7cd911fc-0b2c-40fd-8830-469f0f93483f] INFO  o.eclipse.m2e.core.internal.Bundles - 	Entry: /Users/kvashisth/.p2/pool/plugins/org.eclipse.m2e.maven.runtime_3.8.604.20221130-2149/jars/maven-core-3.8.6.jar
2023-11-28 00:21:58,166 [Worker-36: Launching mavenrun-7cd911fc-0b2c-40fd-8830-469f0f93483f] INFO  o.eclipse.m2e.core.internal.Bundles - 	Entry: /Users/kvashisth/.p2/pool/plugins/org.eclipse.m2e.maven.runtime_3.8.604.20221130-2149/jars/maven-embedder-3.8.6.jar
2023-11-28 00:21:58,166 [Worker-36: Launching mavenrun-7cd911fc-0b2c-40fd-8830-469f0f93483f] INFO  o.eclipse.m2e.core.internal.Bundles - 	Entry: /Users/kvashisth/.p2/pool/plugins/org.eclipse.m2e.maven.runtime_3.8.604.20221130-2149/jars/maven-model-3.8.6.jar
2023-11-28 00:21:58,166 [Worker-36: Launching mavenrun-7cd911fc-0b2c-40fd-8830-469f0f93483f] INFO  o.eclipse.m2e.core.internal.Bundles - 	Entry: /Users/kvashisth/.p2/pool/plugins/org.eclipse.m2e.maven.runtime_3.8.604.20221130-2149/jars/maven-model-builder-3.8.6.jar
2023-11-28 00:21:58,167 [Worker-36: Launching mavenrun-7cd911fc-0b2c-40fd-8830-469f0f93483f] INFO  o.eclipse.m2e.core.internal.Bundles - 	Entry: /Users/kvashisth/.p2/pool/plugins/org.eclipse.m2e.maven.runtime_3.8.604.20221130-2149/jars/maven-plugin-api-3.8.6.jar
2023-11-28 00:21:58,167 [Worker-36: Launching mavenrun-7cd911fc-0b2c-40fd-8830-469f0f93483f] INFO  o.eclipse.m2e.core.internal.Bundles - 	Entry: /Users/kvashisth/.p2/pool/plugins/org.eclipse.m2e.maven.runtime_3.8.604.20221130-2149/jars/maven-repository-metadata-3.8.6.jar
2023-11-28 00:21:58,167 [Worker-36: Launching mavenrun-7cd911fc-0b2c-40fd-8830-469f0f93483f] INFO  o.eclipse.m2e.core.internal.Bundles - 	Entry: /Users/kvashisth/.p2/pool/plugins/org.eclipse.m2e.maven.runtime_3.8.604.20221130-2149/jars/maven-resolver-api-1.6.3.jar
2023-11-28 00:21:58,167 [Worker-36: Launching mavenrun-7cd911fc-0b2c-40fd-8830-469f0f93483f] INFO  o.eclipse.m2e.core.internal.Bundles - 	Entry: /Users/kvashisth/.p2/pool/plugins/org.eclipse.m2e.maven.runtime_3.8.604.20221130-2149/jars/maven-resolver-connector-basic-1.6.3.jar
2023-11-28 00:21:58,167 [Worker-36: Launching mavenrun-7cd911fc-0b2c-40fd-8830-469f0f93483f] INFO  o.eclipse.m2e.core.internal.Bundles - 	Entry: /Users/kvashisth/.p2/pool/plugins/org.eclipse.m2e.maven.runtime_3.8.604.20221130-2149/jars/maven-resolver-impl-1.6.3.jar
2023-11-28 00:21:58,167 [Worker-36: Launching mavenrun-7cd911fc-0b2c-40fd-8830-469f0f93483f] INFO  o.eclipse.m2e.core.internal.Bundles - 	Entry: /Users/kvashisth/.p2/pool/plugins/org.eclipse.m2e.maven.runtime_3.8.604.20221130-2149/jars/maven-resolver-provider-3.8.6.jar
2023-11-28 00:21:58,167 [Worker-36: Launching mavenrun-7cd911fc-0b2c-40fd-8830-469f0f93483f] INFO  o.eclipse.m2e.core.internal.Bundles - 	Entry: /Users/kvashisth/.p2/pool/plugins/org.eclipse.m2e.maven.runtime_3.8.604.20221130-2149/jars/maven-resolver-spi-1.6.3.jar
2023-11-28 00:21:58,167 [Worker-36: Launching mavenrun-7cd911fc-0b2c-40fd-8830-469f0f93483f] INFO  o.eclipse.m2e.core.internal.Bundles - 	Entry: /Users/kvashisth/.p2/pool/plugins/org.eclipse.m2e.maven.runtime_3.8.604.20221130-2149/jars/maven-resolver-transport-wagon-1.6.3.jar
2023-11-28 00:21:58,167 [Worker-36: Launching mavenrun-7cd911fc-0b2c-40fd-8830-469f0f93483f] INFO  o.eclipse.m2e.core.internal.Bundles - 	Entry: /Users/kvashisth/.p2/pool/plugins/org.eclipse.m2e.maven.runtime_3.8.604.20221130-2149/jars/maven-resolver-util-1.6.3.jar
2023-11-28 00:21:58,167 [Worker-36: Launching mavenrun-7cd911fc-0b2c-40fd-8830-469f0f93483f] INFO  o.eclipse.m2e.core.internal.Bundles - 	Entry: /Users/kvashisth/.p2/pool/plugins/org.eclipse.m2e.maven.runtime_3.8.604.20221130-2149/jars/maven-settings-3.8.6.jar
2023-11-28 00:21:58,168 [Worker-36: Launching mavenrun-7cd911fc-0b2c-40fd-8830-469f0f93483f] INFO  o.eclipse.m2e.core.internal.Bundles - 	Entry: /Users/kvashisth/.p2/pool/plugins/org.eclipse.m2e.maven.runtime_3.8.604.20221130-2149/jars/maven-settings-builder-3.8.6.jar
2023-11-28 00:21:58,168 [Worker-36: Launching mavenrun-7cd911fc-0b2c-40fd-8830-469f0f93483f] INFO  o.eclipse.m2e.core.internal.Bundles - 	Entry: /Users/kvashisth/.p2/pool/plugins/org.eclipse.m2e.maven.runtime_3.8.604.20221130-2149/jars/maven-shared-utils-3.3.4.jar
2023-11-28 00:21:58,168 [Worker-36: Launching mavenrun-7cd911fc-0b2c-40fd-8830-469f0f93483f] INFO  o.eclipse.m2e.core.internal.Bundles - 	Entry: /Users/kvashisth/.p2/pool/plugins/org.eclipse.m2e.maven.runtime_3.8.604.20221130-2149/jars/okhttp-3.14.1.jar
2023-11-28 00:21:58,168 [Worker-36: Launching mavenrun-7cd911fc-0b2c-40fd-8830-469f0f93483f] INFO  o.eclipse.m2e.core.internal.Bundles - 	Entry: /Users/kvashisth/.p2/pool/plugins/org.eclipse.m2e.maven.runtime_3.8.604.20221130-2149/jars/okio-1.17.3.jar
2023-11-28 00:21:58,168 [Worker-36: Launching mavenrun-7cd911fc-0b2c-40fd-8830-469f0f93483f] INFO  o.eclipse.m2e.core.internal.Bundles - 	Entry: /Users/kvashisth/.p2/pool/plugins/org.eclipse.m2e.maven.runtime_3.8.604.20221130-2149/jars/org.eclipse.sisu.inject-0.3.5.jar
2023-11-28 00:21:58,168 [Worker-36: Launching mavenrun-7cd911fc-0b2c-40fd-8830-469f0f93483f] INFO  o.eclipse.m2e.core.internal.Bundles - 	Entry: /Users/kvashisth/.p2/pool/plugins/org.eclipse.m2e.maven.runtime_3.8.604.20221130-2149/jars/org.eclipse.sisu.plexus-0.3.5.jar
2023-11-28 00:21:58,168 [Worker-36: Launching mavenrun-7cd911fc-0b2c-40fd-8830-469f0f93483f] INFO  o.eclipse.m2e.core.internal.Bundles - 	Entry: /Users/kvashisth/.p2/pool/plugins/org.eclipse.m2e.maven.runtime_3.8.604.20221130-2149/jars/plexus-build-api-0.0.7.jar
2023-11-28 00:21:58,168 [Worker-36: Launching mavenrun-7cd911fc-0b2c-40fd-8830-469f0f93483f] INFO  o.eclipse.m2e.core.internal.Bundles - 	Entry: /Users/kvashisth/.p2/pool/plugins/org.eclipse.m2e.maven.runtime_3.8.604.20221130-2149/jars/plexus-cipher-2.0.jar
2023-11-28 00:21:58,168 [Worker-36: Launching mavenrun-7cd911fc-0b2c-40fd-8830-469f0f93483f] INFO  o.eclipse.m2e.core.internal.Bundles - 	Entry: /Users/kvashisth/.p2/pool/plugins/org.eclipse.m2e.maven.runtime_3.8.604.20221130-2149/jars/plexus-classworlds-2.6.0.jar
2023-11-28 00:21:58,168 [Worker-36: Launching mavenrun-7cd911fc-0b2c-40fd-8830-469f0f93483f] INFO  o.eclipse.m2e.core.internal.Bundles - 	Entry: /Users/kvashisth/.p2/pool/plugins/org.eclipse.m2e.maven.runtime_3.8.604.20221130-2149/jars/plexus-component-annotations-2.1.0.jar
2023-11-28 00:21:58,168 [Worker-36: Launching mavenrun-7cd911fc-0b2c-40fd-8830-469f0f93483f] INFO  o.eclipse.m2e.core.internal.Bundles - 	Entry: /Users/kvashisth/.p2/pool/plugins/org.eclipse.m2e.maven.runtime_3.8.604.20221130-2149/jars/plexus-interpolation-1.26.jar
2023-11-28 00:21:58,169 [Worker-36: Launching mavenrun-7cd911fc-0b2c-40fd-8830-469f0f93483f] INFO  o.eclipse.m2e.core.internal.Bundles - 	Entry: /Users/kvashisth/.p2/pool/plugins/org.eclipse.m2e.maven.runtime_3.8.604.20221130-2149/jars/plexus-sec-dispatcher-2.0.jar
2023-11-28 00:21:58,169 [Worker-36: Launching mavenrun-7cd911fc-0b2c-40fd-8830-469f0f93483f] INFO  o.eclipse.m2e.core.internal.Bundles - 	Entry: /Users/kvashisth/.p2/pool/plugins/org.eclipse.m2e.maven.runtime_3.8.604.20221130-2149/jars/plexus-utils-3.3.1.jar
2023-11-28 00:21:58,169 [Worker-36: Launching mavenrun-7cd911fc-0b2c-40fd-8830-469f0f93483f] INFO  o.eclipse.m2e.core.internal.Bundles - 	Entry: /Users/kvashisth/.p2/pool/plugins/org.eclipse.m2e.maven.runtime_3.8.604.20221130-2149/jars/wagon-file-3.5.1.jar
2023-11-28 00:21:58,169 [Worker-36: Launching mavenrun-7cd911fc-0b2c-40fd-8830-469f0f93483f] INFO  o.eclipse.m2e.core.internal.Bundles - 	Entry: /Users/kvashisth/.p2/pool/plugins/org.eclipse.m2e.maven.runtime_3.8.604.20221130-2149/jars/wagon-provider-api-3.5.1.jar
2023-11-28 00:21:58,170 [Worker-36: Launching mavenrun-7cd911fc-0b2c-40fd-8830-469f0f93483f] INFO  o.eclipse.m2e.core.internal.Bundles - getClasspathEntries(Bundle=com.google.guava_30.1.0.v20221112-0806 [432])
2023-11-28 00:21:58,172 [Worker-36: Launching mavenrun-7cd911fc-0b2c-40fd-8830-469f0f93483f] INFO  o.eclipse.m2e.core.internal.Bundles - 	Entry: /Users/kvashisth/.p2/pool/plugins/com.google.guava_30.1.0.v20221112-0806.jar
2023-11-28 00:21:58,172 [Worker-36: Launching mavenrun-7cd911fc-0b2c-40fd-8830-469f0f93483f] INFO  o.eclipse.m2e.core.internal.Bundles - getClasspathEntries(Bundle=slf4j.api_1.7.36 [848])
2023-11-28 00:21:58,172 [Worker-36: Launching mavenrun-7cd911fc-0b2c-40fd-8830-469f0f93483f] INFO  o.eclipse.m2e.core.internal.Bundles - 	Entry: /Users/kvashisth/.p2/pool/plugins/slf4j.api_1.7.36.jar
2023-11-28 00:21:58,172 [Worker-36: Launching mavenrun-7cd911fc-0b2c-40fd-8830-469f0f93483f] INFO  o.eclipse.m2e.core.internal.Bundles - getClasspathEntries(Bundle=javax.inject_1.0.0.v20220405-0441 [442])
2023-11-28 00:21:58,173 [Worker-36: Launching mavenrun-7cd911fc-0b2c-40fd-8830-469f0f93483f] INFO  o.eclipse.m2e.core.internal.Bundles - 	Entry: /Users/kvashisth/.p2/pool/plugins/javax.inject_1.0.0.v20220405-0441.jar
2023-11-28 00:21:58,173 [Worker-36: Launching mavenrun-7cd911fc-0b2c-40fd-8830-469f0f93483f] INFO  o.eclipse.m2e.core.internal.Bundles - getClasspathEntries(Bundle=javax.annotation_1.3.5.v20221112-0806 [440])
2023-11-28 00:21:58,174 [Worker-36: Launching mavenrun-7cd911fc-0b2c-40fd-8830-469f0f93483f] INFO  o.eclipse.m2e.core.internal.Bundles - 	Entry: /Users/kvashisth/.p2/pool/plugins/javax.annotation_1.3.5.v20221112-0806.jar
2023-11-28 00:21:58,180 [Worker-36: Launching mavenrun-7cd911fc-0b2c-40fd-8830-469f0f93483f] INFO  o.e.m.i.launch.MavenLaunchDelegate - Run build in "/var/folders/xq/rk_n8qcs5vl2m27mqtby3n9c0000gq/T/m2e-archetypeGenerator844494539376730461":
2023-11-28 00:21:58,183 [Worker-36: Launching mavenrun-7cd911fc-0b2c-40fd-8830-469f0f93483f] INFO  o.e.m.i.launch.MavenLaunchDelegate -  mvn  -DarchetypeGroupId=org.apache.maven.archetypes -DarchetypeArtifactId=maven-archetype-quickstart -DarchetypeVersion=1.4 -DgroupId=PlaywrightSessions -DartifactId=PlaywrightSessions -Dversion=0.0.1-SNAPSHOT -Dpackage=PlaywrightSessions.PlaywrightSessions -DoutputDirectory=/Users/kvashisth/eclipse-playwright/PlayWright -Dstyle.color=always -U archetype:generate
2023-11-28 00:22:13,160 [Worker-14: Creating maven-archetype-quickstart] INFO  o.e.m.c.i.p.ProjectConfigurationManager - Collecting project info '/pom.xml' /Users/kvashisth/eclipse-playwright/PlayWright/PlaywrightSessions/pom.xml
2023-11-28 00:22:13,815 [Worker-14: Creating maven-archetype-quickstart] INFO  o.e.m.c.i.l.LifecycleMappingFactory - Using org.eclipse.m2e.jdt.JarLifecycleMapping lifecycle mapping for MavenProject: PlaywrightSessions:PlaywrightSessions:0.0.1-SNAPSHOT @ /Users/kvashisth/eclipse-playwright/PlayWright/PlaywrightSessions/pom.xml.
2023-11-28 00:22:14,227 [Worker-14: Creating maven-archetype-quickstart] INFO  o.e.m.j.i.AbstractJavaProjectConfigurator - Adding source folder /PlaywrightSessions/src/main/java
2023-11-28 00:22:14,230 [Worker-14: Creating maven-archetype-quickstart] INFO  o.e.m.j.i.AbstractJavaProjectConfigurator - Adding source folder /PlaywrightSessions/src/test/java
2023-11-28 00:22:14,324 [Worker-14: Creating maven-archetype-quickstart] INFO  o.e.m.c.i.p.ProjectConfigurationManager - Imported and configured 1 project(s) in 1 sec
2023-11-28 00:22:15,170 [Worker-42: Building] INFO  o.e.m.c.i.embedder.EclipseLogger - Using 'UTF-8' encoding to copy filtered resources.
2023-11-28 00:22:15,171 [Worker-42: Building] INFO  o.e.m.c.i.embedder.EclipseLogger - skip non existing resourceDirectory /Users/kvashisth/eclipse-playwright/PlayWright/PlaywrightSessions/src/main/resources
2023-11-28 00:22:15,178 [Worker-42: Building] INFO  o.e.m.c.i.embedder.EclipseLogger - Using 'UTF-8' encoding to copy filtered resources.
2023-11-28 00:22:15,178 [Worker-42: Building] INFO  o.e.m.c.i.embedder.EclipseLogger - skip non existing resourceDirectory /Users/kvashisth/eclipse-playwright/PlayWright/PlaywrightSessions/src/test/resources
2023-11-28 00:24:48,061 [Worker-1: Loading available Gradle versions] INFO  o.e.b.c.i.u.g.PublishedGradleVersions - Gradle version information cache is up-to-date. Trying to read.
2023-11-28 00:26:37,466 [Worker-1: Loading available Gradle versions] INFO  o.e.b.c.i.u.g.PublishedGradleVersions - Gradle version information cache is up-to-date. Trying to read.
2023-11-28 00:29:05,469 [Worker-8: Building] INFO  o.e.m.c.i.l.LifecycleMappingFactory - Using org.eclipse.m2e.jdt.JarLifecycleMapping lifecycle mapping for MavenProject: PlaywrightSessions:PlaywrightSessions:0.0.1-SNAPSHOT @ /Users/kvashisth/eclipse-playwright/PlayWright/PlaywrightSessions/pom.xml.
2023-11-28 00:29:06,116 [Worker-8: Building] INFO  o.e.m.c.i.e.AbstractTransferListenerAdapter - Downloading https://repo.maven.apache.org/maven2/com/microsoft/playwright/driver-bundle/1.40.0/driver-bundle-1.40.0.jar
2023-11-28 00:30:02,391 [Worker-8: Building] INFO  o.e.m.c.i.e.AbstractTransferListenerAdapter - Downloaded https://repo.maven.apache.org/maven2/com/microsoft/playwright/driver-bundle/1.40.0/driver-bundle-1.40.0.jar
2023-11-28 00:30:02,860 [Worker-8: Building] INFO  o.e.m.c.i.embedder.EclipseLogger - Using 'UTF-8' encoding to copy filtered resources.
2023-11-28 00:30:02,860 [Worker-8: Building] INFO  o.e.m.c.i.embedder.EclipseLogger - skip non existing resourceDirectory /Users/kvashisth/eclipse-playwright/PlayWright/PlaywrightSessions/src/main/resources
2023-11-28 00:30:02,862 [Worker-8: Building] INFO  o.e.m.c.i.embedder.EclipseLogger - Using 'UTF-8' encoding to copy filtered resources.
2023-11-28 00:30:02,862 [Worker-8: Building] INFO  o.e.m.c.i.embedder.EclipseLogger - skip non existing resourceDirectory /Users/kvashisth/eclipse-playwright/PlayWright/PlaywrightSessions/src/test/resources
2023-11-28 00:30:03,952 [Worker-32: Building] INFO  o.e.m.c.i.embedder.EclipseLogger - Using 'UTF-8' encoding to copy filtered resources.
2023-11-28 00:30:03,953 [Worker-32: Building] INFO  o.e.m.c.i.embedder.EclipseLogger - skip non existing resourceDirectory /Users/kvashisth/eclipse-playwright/PlayWright/PlaywrightSessions/src/main/resources
2023-11-28 00:30:03,954 [Worker-32: Building] INFO  o.e.m.c.i.embedder.EclipseLogger - Using 'UTF-8' encoding to copy filtered resources.
2023-11-28 00:30:03,955 [Worker-32: Building] INFO  o.e.m.c.i.embedder.EclipseLogger - skip non existing resourceDirectory /Users/kvashisth/eclipse-playwright/PlayWright/PlaywrightSessions/src/test/resources
2023-11-28 00:30:04,881 [Worker-8: Download sources and javadoc] INFO  o.e.m.c.i.e.AbstractTransferListenerAdapter - Downloading https://repo.maven.apache.org/maven2/com/microsoft/playwright/playwright/1.40.0/playwright-1.40.0-sources.jar
2023-11-28 00:30:04,936 [Worker-8: Download sources and javadoc] INFO  o.e.m.c.i.e.AbstractTransferListenerAdapter - Downloaded https://repo.maven.apache.org/maven2/com/microsoft/playwright/playwright/1.40.0/playwright-1.40.0-sources.jar
2023-11-28 00:30:04,939 [Worker-8: Download sources and javadoc] INFO  o.e.m.j.internal.DownloadSourcesJob - Downloaded sources for com.microsoft.playwright:playwright:1.40.0
2023-11-28 00:30:04,990 [Worker-8: Download sources and javadoc] INFO  o.e.m.c.i.e.AbstractTransferListenerAdapter - Downloading https://repo.maven.apache.org/maven2/com/google/code/gson/gson/2.8.9/gson-2.8.9-sources.jar
2023-11-28 00:30:05,019 [Worker-8: Download sources and javadoc] INFO  o.e.m.c.i.e.AbstractTransferListenerAdapter - Downloaded https://repo.maven.apache.org/maven2/com/google/code/gson/gson/2.8.9/gson-2.8.9-sources.jar
2023-11-28 00:30:05,022 [Worker-8: Download sources and javadoc] INFO  o.e.m.j.internal.DownloadSourcesJob - Downloaded sources for com.google.code.gson:gson:2.8.9
2023-11-28 00:30:05,070 [Worker-8: Download sources and javadoc] INFO  o.e.m.c.i.e.AbstractTransferListenerAdapter - Downloading https://repo.maven.apache.org/maven2/com/microsoft/playwright/driver/1.40.0/driver-1.40.0-sources.jar
2023-11-28 00:30:05,089 [Worker-8: Download sources and javadoc] INFO  o.e.m.c.i.e.AbstractTransferListenerAdapter - Downloaded https://repo.maven.apache.org/maven2/com/microsoft/playwright/driver/1.40.0/driver-1.40.0-sources.jar
2023-11-28 00:30:05,091 [Worker-8: Download sources and javadoc] INFO  o.e.m.j.internal.DownloadSourcesJob - Downloaded sources for com.microsoft.playwright:driver:1.40.0
2023-11-28 00:30:05,136 [Worker-8: Download sources and javadoc] INFO  o.e.m.c.i.e.AbstractTransferListenerAdapter - Downloading https://repo.maven.apache.org/maven2/com/microsoft/playwright/driver-bundle/1.40.0/driver-bundle-1.40.0-sources.jar
2023-11-28 00:30:17,750 [Worker-32: Updating Maven Project] INFO  o.e.m.c.i.p.ProjectConfigurationManager - Update started
2023-11-28 00:30:18,150 [Worker-32: Updating Maven Project] INFO  o.e.m.c.i.l.LifecycleMappingFactory - Using org.eclipse.m2e.jdt.JarLifecycleMapping lifecycle mapping for MavenProject: PlaywrightSessions:PlaywrightSessions:0.0.1-SNAPSHOT @ /Users/kvashisth/eclipse-playwright/PlayWright/PlaywrightSessions/pom.xml.
2023-11-28 00:30:18,373 [Worker-32: Updating Maven Project] INFO  o.e.m.j.i.AbstractJavaProjectConfigurator - Adding source folder /PlaywrightSessions/src/main/java
2023-11-28 00:30:18,374 [Worker-32: Updating Maven Project] INFO  o.e.m.j.i.AbstractJavaProjectConfigurator - Adding source folder /PlaywrightSessions/src/test/java
2023-11-28 00:30:18,519 [Worker-32: Updating Maven Project] INFO  o.e.m.c.i.p.ProjectConfigurationManager - Update completed for 1 poms: local refresh takes 0.00 sec, refresh facades takes 0.00 sec, update config takes 0.00 sec 
2023-11-28 00:30:18,700 [Worker-39: Building] INFO  o.e.m.c.i.embedder.EclipseLogger - Using 'UTF-8' encoding to copy filtered resources.
2023-11-28 00:30:18,701 [Worker-39: Building] INFO  o.e.m.c.i.embedder.EclipseLogger - skip non existing resourceDirectory /Users/kvashisth/eclipse-playwright/PlayWright/PlaywrightSessions/src/main/resources
2023-11-28 00:30:18,705 [Worker-39: Building] INFO  o.e.m.c.i.embedder.EclipseLogger - Using 'UTF-8' encoding to copy filtered resources.
2023-11-28 00:30:18,705 [Worker-39: Building] INFO  o.e.m.c.i.embedder.EclipseLogger - skip non existing resourceDirectory /Users/kvashisth/eclipse-playwright/PlayWright/PlaywrightSessions/src/test/resources
2023-11-28 00:30:49,192 [Worker-8: Download sources and javadoc] INFO  o.e.m.c.i.e.AbstractTransferListenerAdapter - Downloaded https://repo.maven.apache.org/maven2/com/microsoft/playwright/driver-bundle/1.40.0/driver-bundle-1.40.0-sources.jar
2023-11-28 00:30:49,194 [Worker-8: Download sources and javadoc] INFO  o.e.m.j.internal.DownloadSourcesJob - Downloaded sources for com.microsoft.playwright:driver-bundle:1.40.0
2023-11-28 00:30:49,374 [Worker-8: Building] INFO  o.e.m.c.i.embedder.EclipseLogger - Using 'UTF-8' encoding to copy filtered resources.
2023-11-28 00:30:49,374 [Worker-8: Building] INFO  o.e.m.c.i.embedder.EclipseLogger - skip non existing resourceDirectory /Users/kvashisth/eclipse-playwright/PlayWright/PlaywrightSessions/src/main/resources
2023-11-28 00:30:49,376 [Worker-8: Building] INFO  o.e.m.c.i.embedder.EclipseLogger - Using 'UTF-8' encoding to copy filtered resources.
2023-11-28 00:30:49,376 [Worker-8: Building] INFO  o.e.m.c.i.embedder.EclipseLogger - skip non existing resourceDirectory /Users/kvashisth/eclipse-playwright/PlayWright/PlaywrightSessions/src/test/resources
2023-11-28 00:30:59,728 [Worker-32: Building] INFO  o.e.m.c.i.embedder.EclipseLogger - Using 'UTF-8' encoding to copy filtered resources.
2023-11-28 00:30:59,729 [Worker-32: Building] INFO  o.e.m.c.i.embedder.EclipseLogger - skip non existing resourceDirectory /Users/kvashisth/eclipse-playwright/PlayWright/PlaywrightSessions/src/main/resources
2023-11-28 00:30:59,730 [Worker-32: Building] INFO  o.e.m.c.i.embedder.EclipseLogger - Using 'UTF-8' encoding to copy filtered resources.
2023-11-28 00:30:59,730 [Worker-32: Building] INFO  o.e.m.c.i.embedder.EclipseLogger - skip non existing resourceDirectory /Users/kvashisth/eclipse-playwright/PlayWright/PlaywrightSessions/src/test/resources
2023-11-28 00:32:26,248 [Worker-38: Building] INFO  o.e.m.c.i.embedder.EclipseLogger - Using 'UTF-8' encoding to copy filtered resources.
2023-11-28 00:32:26,249 [Worker-38: Building] INFO  o.e.m.c.i.embedder.EclipseLogger - skip non existing resourceDirectory /Users/kvashisth/eclipse-playwright/PlayWright/PlaywrightSessions/src/main/resources
2023-11-28 00:32:26,250 [Worker-38: Building] INFO  o.e.m.c.i.embedder.EclipseLogger - Using 'UTF-8' encoding to copy filtered resources.
2023-11-28 00:32:26,250 [Worker-38: Building] INFO  o.e.m.c.i.embedder.EclipseLogger - skip non existing resourceDirectory /Users/kvashisth/eclipse-playwright/PlayWright/PlaywrightSessions/src/test/resources
2023-11-28 00:32:52,528 [Worker-32: Building] INFO  o.e.m.c.i.embedder.EclipseLogger - Using 'UTF-8' encoding to copy filtered resources.
2023-11-28 00:32:52,528 [Worker-32: Building] INFO  o.e.m.c.i.embedder.EclipseLogger - skip non existing resourceDirectory /Users/kvashisth/eclipse-playwright/PlayWright/PlaywrightSessions/src/main/resources
2023-11-28 00:32:52,530 [Worker-32: Building] INFO  o.e.m.c.i.embedder.EclipseLogger - Using 'UTF-8' encoding to copy filtered resources.
2023-11-28 00:32:52,530 [Worker-32: Building] INFO  o.e.m.c.i.embedder.EclipseLogger - skip non existing resourceDirectory /Users/kvashisth/eclipse-playwright/PlayWright/PlaywrightSessions/src/test/resources
2023-11-28 00:33:05,845 [Worker-40: Updating Maven Project] INFO  o.e.m.c.i.p.ProjectConfigurationManager - Update started
2023-11-28 00:33:06,180 [Worker-40: Updating Maven Project] INFO  o.e.m.c.i.l.LifecycleMappingFactory - Using org.eclipse.m2e.jdt.JarLifecycleMapping lifecycle mapping for MavenProject: PlaywrightSessions:PlaywrightSessions:0.0.1-SNAPSHOT @ /Users/kvashisth/eclipse-playwright/PlayWright/PlaywrightSessions/pom.xml.
2023-11-28 00:33:06,306 [Worker-40: Updating Maven Project] INFO  o.e.m.j.i.AbstractJavaProjectConfigurator - Adding source folder /PlaywrightSessions/src/main/java
2023-11-28 00:33:06,306 [Worker-40: Updating Maven Project] INFO  o.e.m.j.i.AbstractJavaProjectConfigurator - Adding source folder /PlaywrightSessions/src/test/java
2023-11-28 00:33:06,405 [Worker-40: Updating Maven Project] INFO  o.e.m.c.i.p.ProjectConfigurationManager - Update completed for 1 poms: local refresh takes 0.00 sec, refresh facades takes 0.00 sec, update config takes 0.00 sec 
2023-11-28 00:33:06,529 [Worker-40: Building] INFO  o.e.m.c.i.embedder.EclipseLogger - Using 'UTF-8' encoding to copy filtered resources.
2023-11-28 00:33:06,530 [Worker-40: Building] INFO  o.e.m.c.i.embedder.EclipseLogger - skip non existing resourceDirectory /Users/kvashisth/eclipse-playwright/PlayWright/PlaywrightSessions/src/main/resources
2023-11-28 00:33:06,533 [Worker-40: Building] INFO  o.e.m.c.i.embedder.EclipseLogger - Using 'UTF-8' encoding to copy filtered resources.
2023-11-28 00:33:06,533 [Worker-40: Building] INFO  o.e.m.c.i.embedder.EclipseLogger - skip non existing resourceDirectory /Users/kvashisth/eclipse-playwright/PlayWright/PlaywrightSessions/src/test/resources
2023-11-28 00:33:25,538 [Worker-38: Building] INFO  o.e.m.c.i.embedder.EclipseLogger - Using 'UTF-8' encoding to copy filtered resources.
2023-11-28 00:33:25,538 [Worker-38: Building] INFO  o.e.m.c.i.embedder.EclipseLogger - skip non existing resourceDirectory /Users/kvashisth/eclipse-playwright/PlayWright/PlaywrightSessions/src/main/resources
2023-11-28 00:33:25,540 [Worker-38: Building] INFO  o.e.m.c.i.embedder.EclipseLogger - Using 'UTF-8' encoding to copy filtered resources.
2023-11-28 00:33:25,540 [Worker-38: Building] INFO  o.e.m.c.i.embedder.EclipseLogger - skip non existing resourceDirectory /Users/kvashisth/eclipse-playwright/PlayWright/PlaywrightSessions/src/test/resources
2023-11-28 00:33:34,322 [Worker-40: Updating Maven Project] INFO  o.e.m.c.i.p.ProjectConfigurationManager - Update started
2023-11-28 00:33:34,510 [Worker-40: Updating Maven Project] INFO  o.e.m.c.i.l.LifecycleMappingFactory - Using org.eclipse.m2e.jdt.JarLifecycleMapping lifecycle mapping for MavenProject: PlaywrightSessions:PlaywrightSessions:0.0.1-SNAPSHOT @ /Users/kvashisth/eclipse-playwright/PlayWright/PlaywrightSessions/pom.xml.
2023-11-28 00:33:34,613 [Worker-40: Updating Maven Project] INFO  o.e.m.j.i.AbstractJavaProjectConfigurator - Adding source folder /PlaywrightSessions/src/main/java
2023-11-28 00:33:34,613 [Worker-40: Updating Maven Project] INFO  o.e.m.j.i.AbstractJavaProjectConfigurator - Adding source folder /PlaywrightSessions/src/test/java
2023-11-28 00:33:34,718 [Worker-40: Updating Maven Project] INFO  o.e.m.c.i.p.ProjectConfigurationManager - Update completed for 1 poms: local refresh takes 0.00 sec, refresh facades takes 0.00 sec, update config takes 0.00 sec 
2023-11-28 00:33:34,862 [Worker-8: Building] INFO  o.e.m.c.i.embedder.EclipseLogger - Using 'UTF-8' encoding to copy filtered resources.
2023-11-28 00:33:34,862 [Worker-8: Building] INFO  o.e.m.c.i.embedder.EclipseLogger - skip non existing resourceDirectory /Users/kvashisth/eclipse-playwright/PlayWright/PlaywrightSessions/src/main/resources
2023-11-28 00:33:34,865 [Worker-8: Building] INFO  o.e.m.c.i.embedder.EclipseLogger - Using 'UTF-8' encoding to copy filtered resources.
2023-11-28 00:33:34,866 [Worker-8: Building] INFO  o.e.m.c.i.embedder.EclipseLogger - skip non existing resourceDirectory /Users/kvashisth/eclipse-playwright/PlayWright/PlaywrightSessions/src/test/resources
2023-11-28 00:33:52,235 [Worker-32: Building] INFO  o.e.m.c.i.embedder.EclipseLogger - Using 'UTF-8' encoding to copy filtered resources.
2023-11-28 00:33:52,235 [Worker-32: Building] INFO  o.e.m.c.i.embedder.EclipseLogger - skip non existing resourceDirectory /Users/kvashisth/eclipse-playwright/PlayWright/PlaywrightSessions/src/main/resources
2023-11-28 00:33:52,238 [Worker-32: Building] INFO  o.e.m.c.i.embedder.EclipseLogger - Using 'UTF-8' encoding to copy filtered resources.
2023-11-28 00:33:52,238 [Worker-32: Building] INFO  o.e.m.c.i.embedder.EclipseLogger - skip non existing resourceDirectory /Users/kvashisth/eclipse-playwright/PlayWright/PlaywrightSessions/src/test/resources
2023-11-28 00:34:25,931 [Worker-38: Building] INFO  o.e.m.c.i.l.LifecycleMappingFactory - Using org.eclipse.m2e.jdt.JarLifecycleMapping lifecycle mapping for MavenProject: PlaywrightSessions:PlaywrightSessions:0.0.1-SNAPSHOT @ /Users/kvashisth/eclipse-playwright/PlayWright/PlaywrightSessions/pom.xml.
2023-11-28 00:34:26,028 [Worker-38: Building] INFO  o.e.m.c.i.embedder.EclipseLogger - Using 'UTF-8' encoding to copy filtered resources.
2023-11-28 00:34:26,028 [Worker-38: Building] INFO  o.e.m.c.i.embedder.EclipseLogger - skip non existing resourceDirectory /Users/kvashisth/eclipse-playwright/PlayWright/PlaywrightSessions/src/main/resources
2023-11-28 00:34:26,030 [Worker-38: Building] INFO  o.e.m.c.i.embedder.EclipseLogger - Using 'UTF-8' encoding to copy filtered resources.
2023-11-28 00:34:26,031 [Worker-38: Building] INFO  o.e.m.c.i.embedder.EclipseLogger - skip non existing resourceDirectory /Users/kvashisth/eclipse-playwright/PlayWright/PlaywrightSessions/src/test/resources
2023-11-28 00:34:37,658 [Worker-39: Building] INFO  o.e.m.c.i.embedder.EclipseLogger - Using 'UTF-8' encoding to copy filtered resources.
2023-11-28 00:34:37,658 [Worker-39: Building] INFO  o.e.m.c.i.embedder.EclipseLogger - skip non existing resourceDirectory /Users/kvashisth/eclipse-playwright/PlayWright/PlaywrightSessions/src/main/resources
2023-11-28 00:34:37,659 [Worker-39: Building] INFO  o.e.m.c.i.embedder.EclipseLogger - Using 'UTF-8' encoding to copy filtered resources.
2023-11-28 00:34:37,659 [Worker-39: Building] INFO  o.e.m.c.i.embedder.EclipseLogger - skip non existing resourceDirectory /Users/kvashisth/eclipse-playwright/PlayWright/PlaywrightSessions/src/test/resources
2023-11-28 00:34:44,872 [Worker-38: Updating Maven Project] INFO  o.e.m.c.i.p.ProjectConfigurationManager - Update started
2023-11-28 00:34:45,070 [Worker-38: Updating Maven Project] INFO  o.e.m.c.i.l.LifecycleMappingFactory - Using org.eclipse.m2e.jdt.JarLifecycleMapping lifecycle mapping for MavenProject: PlaywrightSessions:PlaywrightSessions:0.0.1-SNAPSHOT @ /Users/kvashisth/eclipse-playwright/PlayWright/PlaywrightSessions/pom.xml.
2023-11-28 00:34:45,155 [Worker-38: Updating Maven Project] INFO  o.e.m.j.i.AbstractJavaProjectConfigurator - Adding source folder /PlaywrightSessions/src/main/java
2023-11-28 00:34:45,156 [Worker-38: Updating Maven Project] INFO  o.e.m.j.i.AbstractJavaProjectConfigurator - Adding source folder /PlaywrightSessions/src/test/java
2023-11-28 00:34:45,240 [Worker-38: Updating Maven Project] INFO  o.e.m.c.i.p.ProjectConfigurationManager - Update completed for 1 poms: local refresh takes 0.00 sec, refresh facades takes 0.00 sec, update config takes 0.00 sec 
2023-11-28 00:34:45,380 [Worker-8: Building] INFO  o.e.m.c.i.embedder.EclipseLogger - Using 'UTF-8' encoding to copy filtered resources.
2023-11-28 00:34:45,381 [Worker-8: Building] INFO  o.e.m.c.i.embedder.EclipseLogger - skip non existing resourceDirectory /Users/kvashisth/eclipse-playwright/PlayWright/PlaywrightSessions/src/main/resources
2023-11-28 00:34:45,384 [Worker-8: Building] INFO  o.e.m.c.i.embedder.EclipseLogger - Using 'UTF-8' encoding to copy filtered resources.
2023-11-28 00:34:45,384 [Worker-8: Building] INFO  o.e.m.c.i.embedder.EclipseLogger - skip non existing resourceDirectory /Users/kvashisth/eclipse-playwright/PlayWright/PlaywrightSessions/src/test/resources
2023-11-28 00:35:45,277 [Worker-39: Building] INFO  o.e.m.c.i.embedder.EclipseLogger - Using 'UTF-8' encoding to copy filtered resources.
2023-11-28 00:35:45,278 [Worker-39: Building] INFO  o.e.m.c.i.embedder.EclipseLogger - skip non existing resourceDirectory /Users/kvashisth/eclipse-playwright/PlayWright/PlaywrightSessions/src/main/resources
2023-11-28 00:35:45,280 [Worker-39: Building] INFO  o.e.m.c.i.embedder.EclipseLogger - Using 'UTF-8' encoding to copy filtered resources.
2023-11-28 00:35:45,280 [Worker-39: Building] INFO  o.e.m.c.i.embedder.EclipseLogger - skip non existing resourceDirectory /Users/kvashisth/eclipse-playwright/PlayWright/PlaywrightSessions/src/test/resources
2023-11-28 00:35:50,249 [Worker-41: Building] INFO  o.e.m.c.i.embedder.EclipseLogger - Using 'UTF-8' encoding to copy filtered resources.
2023-11-28 00:35:50,249 [Worker-41: Building] INFO  o.e.m.c.i.embedder.EclipseLogger - skip non existing resourceDirectory /Users/kvashisth/eclipse-playwright/PlayWright/PlaywrightSessions/src/main/resources
2023-11-28 00:35:50,250 [Worker-41: Building] INFO  o.e.m.c.i.embedder.EclipseLogger - Using 'UTF-8' encoding to copy filtered resources.
2023-11-28 00:35:50,251 [Worker-41: Building] INFO  o.e.m.c.i.embedder.EclipseLogger - skip non existing resourceDirectory /Users/kvashisth/eclipse-playwright/PlayWright/PlaywrightSessions/src/test/resources
2023-11-28 00:36:18,289 [Worker-8: Building] INFO  o.e.m.c.i.embedder.EclipseLogger - Using 'UTF-8' encoding to copy filtered resources.
2023-11-28 00:36:18,290 [Worker-8: Building] INFO  o.e.m.c.i.embedder.EclipseLogger - skip non existing resourceDirectory /Users/kvashisth/eclipse-playwright/PlayWright/PlaywrightSessions/src/main/resources
2023-11-28 00:36:18,295 [Worker-8: Building] INFO  o.e.m.c.i.embedder.EclipseLogger - Using 'UTF-8' encoding to copy filtered resources.
2023-11-28 00:36:18,295 [Worker-8: Building] INFO  o.e.m.c.i.embedder.EclipseLogger - skip non existing resourceDirectory /Users/kvashisth/eclipse-playwright/PlayWright/PlaywrightSessions/src/test/resources
2023-11-28 00:36:55,786 [Worker-39: Building] INFO  o.e.m.c.i.embedder.EclipseLogger - Using 'UTF-8' encoding to copy filtered resources.
2023-11-28 00:36:55,786 [Worker-39: Building] INFO  o.e.m.c.i.embedder.EclipseLogger - skip non existing resourceDirectory /Users/kvashisth/eclipse-playwright/PlayWright/PlaywrightSessions/src/main/resources
2023-11-28 00:36:55,790 [Worker-39: Building] INFO  o.e.m.c.i.embedder.EclipseLogger - Using 'UTF-8' encoding to copy filtered resources.
2023-11-28 00:36:55,791 [Worker-39: Building] INFO  o.e.m.c.i.embedder.EclipseLogger - skip non existing resourceDirectory /Users/kvashisth/eclipse-playwright/PlayWright/PlaywrightSessions/src/test/resources
2023-11-28 00:37:41,643 [Worker-41: Building] INFO  o.e.m.c.i.embedder.EclipseLogger - Using 'UTF-8' encoding to copy filtered resources.
2023-11-28 00:37:41,644 [Worker-41: Building] INFO  o.e.m.c.i.embedder.EclipseLogger - skip non existing resourceDirectory /Users/kvashisth/eclipse-playwright/PlayWright/PlaywrightSessions/src/main/resources
2023-11-28 00:37:41,646 [Worker-41: Building] INFO  o.e.m.c.i.embedder.EclipseLogger - Using 'UTF-8' encoding to copy filtered resources.
2023-11-28 00:37:41,647 [Worker-41: Building] INFO  o.e.m.c.i.embedder.EclipseLogger - skip non existing resourceDirectory /Users/kvashisth/eclipse-playwright/PlayWright/PlaywrightSessions/src/test/resources
2023-11-28 23:28:13,354 [Worker-46: Building] INFO  o.e.m.c.i.embedder.EclipseLogger - Using 'UTF-8' encoding to copy filtered resources.
2023-11-28 23:28:13,360 [Worker-46: Building] INFO  o.e.m.c.i.embedder.EclipseLogger - skip non existing resourceDirectory /Users/kvashisth/eclipse-playwright/PlayWright/PlaywrightSessions/src/main/resources
2023-11-28 23:28:13,363 [Worker-46: Building] INFO  o.e.m.c.i.embedder.EclipseLogger - Using 'UTF-8' encoding to copy filtered resources.
2023-11-28 23:28:13,363 [Worker-46: Building] INFO  o.e.m.c.i.embedder.EclipseLogger - skip non existing resourceDirectory /Users/kvashisth/eclipse-playwright/PlayWright/PlaywrightSessions/src/test/resources
2023-11-28 23:29:31,871 [Worker-45: Building] INFO  o.e.m.c.i.embedder.EclipseLogger - Using 'UTF-8' encoding to copy filtered resources.
2023-11-28 23:29:31,871 [Worker-45: Building] INFO  o.e.m.c.i.embedder.EclipseLogger - skip non existing resourceDirectory /Users/kvashisth/eclipse-playwright/PlayWright/PlaywrightSessions/src/main/resources
2023-11-28 23:29:31,877 [Worker-45: Building] INFO  o.e.m.c.i.embedder.EclipseLogger - Using 'UTF-8' encoding to copy filtered resources.
2023-11-28 23:29:31,877 [Worker-45: Building] INFO  o.e.m.c.i.embedder.EclipseLogger - skip non existing resourceDirectory /Users/kvashisth/eclipse-playwright/PlayWright/PlaywrightSessions/src/test/resources
2023-11-28 23:32:28,273 [Worker-48: Building] INFO  o.e.m.c.i.embedder.EclipseLogger - Using 'UTF-8' encoding to copy filtered resources.
2023-11-28 23:32:28,273 [Worker-48: Building] INFO  o.e.m.c.i.embedder.EclipseLogger - skip non existing resourceDirectory /Users/kvashisth/eclipse-playwright/PlayWright/PlaywrightSessions/src/main/resources
2023-11-28 23:32:28,275 [Worker-48: Building] INFO  o.e.m.c.i.embedder.EclipseLogger - Using 'UTF-8' encoding to copy filtered resources.
2023-11-28 23:32:28,275 [Worker-48: Building] INFO  o.e.m.c.i.embedder.EclipseLogger - skip non existing resourceDirectory /Users/kvashisth/eclipse-playwright/PlayWright/PlaywrightSessions/src/test/resources
2023-11-28 23:40:27,043 [Worker-49: Building] INFO  o.e.m.c.i.embedder.EclipseLogger - Using 'UTF-8' encoding to copy filtered resources.
2023-11-28 23:40:27,044 [Worker-49: Building] INFO  o.e.m.c.i.embedder.EclipseLogger - skip non existing resourceDirectory /Users/kvashisth/eclipse-playwright/PlayWright/PlaywrightSessions/src/main/resources
2023-11-28 23:40:27,046 [Worker-49: Building] INFO  o.e.m.c.i.embedder.EclipseLogger - Using 'UTF-8' encoding to copy filtered resources.
2023-11-28 23:40:27,046 [Worker-49: Building] INFO  o.e.m.c.i.embedder.EclipseLogger - skip non existing resourceDirectory /Users/kvashisth/eclipse-playwright/PlayWright/PlaywrightSessions/src/test/resources
2023-11-28 23:40:30,249 [Worker-49: Building] INFO  o.e.m.c.i.embedder.EclipseLogger - Using 'UTF-8' encoding to copy filtered resources.
2023-11-28 23:40:30,249 [Worker-49: Building] INFO  o.e.m.c.i.embedder.EclipseLogger - skip non existing resourceDirectory /Users/kvashisth/eclipse-playwright/PlayWright/PlaywrightSessions/src/main/resources
2023-11-28 23:40:30,252 [Worker-49: Building] INFO  o.e.m.c.i.embedder.EclipseLogger - Using 'UTF-8' encoding to copy filtered resources.
2023-11-28 23:40:30,253 [Worker-49: Building] INFO  o.e.m.c.i.embedder.EclipseLogger - skip non existing resourceDirectory /Users/kvashisth/eclipse-playwright/PlayWright/PlaywrightSessions/src/test/resources
2023-11-28 23:41:16,285 [Worker-49: Launching PlayWrightBasics] INFO  o.e.m.c.i.embedder.EclipseLogger - Using 'UTF-8' encoding to copy filtered resources.
2023-11-28 23:41:16,285 [Worker-49: Launching PlayWrightBasics] INFO  o.e.m.c.i.embedder.EclipseLogger - skip non existing resourceDirectory /Users/kvashisth/eclipse-playwright/PlayWright/PlaywrightSessions/src/main/resources
2023-11-28 23:41:16,287 [Worker-49: Launching PlayWrightBasics] INFO  o.e.m.c.i.embedder.EclipseLogger - Using 'UTF-8' encoding to copy filtered resources.
2023-11-28 23:41:16,287 [Worker-49: Launching PlayWrightBasics] INFO  o.e.m.c.i.embedder.EclipseLogger - skip non existing resourceDirectory /Users/kvashisth/eclipse-playwright/PlayWright/PlaywrightSessions/src/test/resources
2023-11-29 17:44:08,582 [Worker-1: Loading available Gradle versions] INFO  o.e.b.c.i.u.g.PublishedGradleVersions - Gradle version information cache is out-of-date. Trying to update.
2023-12-15 00:26:39,981 [Worker-1: Loading available Gradle versions] INFO  o.e.b.c.i.u.g.PublishedGradleVersions - Gradle version information cache is out-of-date. Trying to update.
2023-12-15 00:46:26,139 [Worker-8: Loading available Gradle versions] INFO  o.e.b.c.i.u.g.PublishedGradleVersions - Gradle version information cache is up-to-date. Trying to read.
2023-12-17 00:21:04,296 [Worker-10: Building] INFO  o.e.m.c.i.embedder.EclipseLogger - Using 'UTF-8' encoding to copy filtered resources.
2023-12-17 00:21:04,299 [Worker-10: Building] INFO  o.e.m.c.i.embedder.EclipseLogger - skip non existing resourceDirectory /Users/kvashisth/eclipse-playwright/PlayWright/PlaywrightSessions/src/main/resources
2023-12-17 00:21:04,304 [Worker-10: Building] INFO  o.e.m.c.i.embedder.EclipseLogger - Using 'UTF-8' encoding to copy filtered resources.
2023-12-17 00:21:04,304 [Worker-10: Building] INFO  o.e.m.c.i.embedder.EclipseLogger - skip non existing resourceDirectory /Users/kvashisth/eclipse-playwright/PlayWright/PlaywrightSessions/src/test/resources
2023-12-17 00:26:56,469 [Worker-38: Building] INFO  o.e.m.c.i.embedder.EclipseLogger - Using 'UTF-8' encoding to copy filtered resources.
2023-12-17 00:26:56,470 [Worker-38: Building] INFO  o.e.m.c.i.embedder.EclipseLogger - skip non existing resourceDirectory /Users/kvashisth/eclipse-playwright/PlayWright/PlaywrightSessions/src/main/resources
2023-12-17 00:26:56,472 [Worker-38: Building] INFO  o.e.m.c.i.embedder.EclipseLogger - Using 'UTF-8' encoding to copy filtered resources.
2023-12-17 00:26:56,472 [Worker-38: Building] INFO  o.e.m.c.i.embedder.EclipseLogger - skip non existing resourceDirectory /Users/kvashisth/eclipse-playwright/PlayWright/PlaywrightSessions/src/test/resources
2023-12-17 00:26:59,335 [Worker-39: Building] INFO  o.e.m.c.i.embedder.EclipseLogger - Using 'UTF-8' encoding to copy filtered resources.
2023-12-17 00:26:59,335 [Worker-39: Building] INFO  o.e.m.c.i.embedder.EclipseLogger - skip non existing resourceDirectory /Users/kvashisth/eclipse-playwright/PlayWright/PlaywrightSessions/src/main/resources
2023-12-17 00:26:59,337 [Worker-39: Building] INFO  o.e.m.c.i.embedder.EclipseLogger - Using 'UTF-8' encoding to copy filtered resources.
2023-12-17 00:26:59,338 [Worker-39: Building] INFO  o.e.m.c.i.embedder.EclipseLogger - skip non existing resourceDirectory /Users/kvashisth/eclipse-playwright/PlayWright/PlaywrightSessions/src/test/resources
2023-12-17 00:27:59,130 [Worker-38: Building] INFO  o.e.m.c.i.embedder.EclipseLogger - Using 'UTF-8' encoding to copy filtered resources.
2023-12-17 00:27:59,130 [Worker-38: Building] INFO  o.e.m.c.i.embedder.EclipseLogger - skip non existing resourceDirectory /Users/kvashisth/eclipse-playwright/PlayWright/PlaywrightSessions/src/main/resources
2023-12-17 00:27:59,134 [Worker-38: Building] INFO  o.e.m.c.i.embedder.EclipseLogger - Using 'UTF-8' encoding to copy filtered resources.
2023-12-17 00:27:59,134 [Worker-38: Building] INFO  o.e.m.c.i.embedder.EclipseLogger - skip non existing resourceDirectory /Users/kvashisth/eclipse-playwright/PlayWright/PlaywrightSessions/src/test/resources
2023-12-17 00:31:02,358 [Worker-39: Building] INFO  o.e.m.c.i.embedder.EclipseLogger - Using 'UTF-8' encoding to copy filtered resources.
2023-12-17 00:31:02,358 [Worker-39: Building] INFO  o.e.m.c.i.embedder.EclipseLogger - skip non existing resourceDirectory /Users/kvashisth/eclipse-playwright/PlayWright/PlaywrightSessions/src/main/resources
2023-12-17 00:31:02,360 [Worker-39: Building] INFO  o.e.m.c.i.embedder.EclipseLogger - Using 'UTF-8' encoding to copy filtered resources.
2023-12-17 00:31:02,360 [Worker-39: Building] INFO  o.e.m.c.i.embedder.EclipseLogger - skip non existing resourceDirectory /Users/kvashisth/eclipse-playwright/PlayWright/PlaywrightSessions/src/test/resources
2023-12-17 00:31:33,895 [Worker-40: Building] INFO  o.e.m.c.i.embedder.EclipseLogger - Using 'UTF-8' encoding to copy filtered resources.
2023-12-17 00:31:33,895 [Worker-40: Building] INFO  o.e.m.c.i.embedder.EclipseLogger - skip non existing resourceDirectory /Users/kvashisth/eclipse-playwright/PlayWright/PlaywrightSessions/src/main/resources
2023-12-17 00:31:33,898 [Worker-40: Building] INFO  o.e.m.c.i.embedder.EclipseLogger - Using 'UTF-8' encoding to copy filtered resources.
2023-12-17 00:31:33,898 [Worker-40: Building] INFO  o.e.m.c.i.embedder.EclipseLogger - skip non existing resourceDirectory /Users/kvashisth/eclipse-playwright/PlayWright/PlaywrightSessions/src/test/resources
2023-12-17 00:39:38,439 [Worker-39: Building] INFO  o.e.m.c.i.embedder.EclipseLogger - Using 'UTF-8' encoding to copy filtered resources.
2023-12-17 00:39:38,440 [Worker-39: Building] INFO  o.e.m.c.i.embedder.EclipseLogger - skip non existing resourceDirectory /Users/kvashisth/eclipse-playwright/PlayWright/PlaywrightSessions/src/main/resources
2023-12-17 00:39:38,442 [Worker-39: Building] INFO  o.e.m.c.i.embedder.EclipseLogger - Using 'UTF-8' encoding to copy filtered resources.
2023-12-17 00:39:38,442 [Worker-39: Building] INFO  o.e.m.c.i.embedder.EclipseLogger - skip non existing resourceDirectory /Users/kvashisth/eclipse-playwright/PlayWright/PlaywrightSessions/src/test/resources
2023-12-17 00:42:34,625 [Worker-10: Building] INFO  o.e.m.c.i.embedder.EclipseLogger - Using 'UTF-8' encoding to copy filtered resources.
2023-12-17 00:42:34,626 [Worker-10: Building] INFO  o.e.m.c.i.embedder.EclipseLogger - skip non existing resourceDirectory /Users/kvashisth/eclipse-playwright/PlayWright/PlaywrightSessions/src/main/resources
2023-12-17 00:42:34,629 [Worker-10: Building] INFO  o.e.m.c.i.embedder.EclipseLogger - Using 'UTF-8' encoding to copy filtered resources.
2023-12-17 00:42:34,629 [Worker-10: Building] INFO  o.e.m.c.i.embedder.EclipseLogger - skip non existing resourceDirectory /Users/kvashisth/eclipse-playwright/PlayWright/PlaywrightSessions/src/test/resources
2023-12-17 00:46:46,113 [Worker-48: Building] INFO  o.e.m.c.i.embedder.EclipseLogger - Using 'UTF-8' encoding to copy filtered resources.
2023-12-17 00:46:46,113 [Worker-48: Building] INFO  o.e.m.c.i.embedder.EclipseLogger - skip non existing resourceDirectory /Users/kvashisth/eclipse-playwright/PlayWright/PlaywrightSessions/src/main/resources
2023-12-17 00:46:46,115 [Worker-48: Building] INFO  o.e.m.c.i.embedder.EclipseLogger - Using 'UTF-8' encoding to copy filtered resources.
2023-12-17 00:46:46,115 [Worker-48: Building] INFO  o.e.m.c.i.embedder.EclipseLogger - skip non existing resourceDirectory /Users/kvashisth/eclipse-playwright/PlayWright/PlaywrightSessions/src/test/resources
2023-12-17 01:01:22,825 [Worker-48: Building] INFO  o.e.m.c.i.embedder.EclipseLogger - Using 'UTF-8' encoding to copy filtered resources.
2023-12-17 01:01:22,826 [Worker-48: Building] INFO  o.e.m.c.i.embedder.EclipseLogger - skip non existing resourceDirectory /Users/kvashisth/eclipse-playwright/PlayWright/PlaywrightSessions/src/main/resources
2023-12-17 01:01:22,828 [Worker-48: Building] INFO  o.e.m.c.i.embedder.EclipseLogger - Using 'UTF-8' encoding to copy filtered resources.
2023-12-17 01:01:22,828 [Worker-48: Building] INFO  o.e.m.c.i.embedder.EclipseLogger - skip non existing resourceDirectory /Users/kvashisth/eclipse-playwright/PlayWright/PlaywrightSessions/src/test/resources
2023-12-17 01:02:44,132 [Worker-58: Building] INFO  o.e.m.c.i.embedder.EclipseLogger - Using 'UTF-8' encoding to copy filtered resources.
2023-12-17 01:02:44,133 [Worker-58: Building] INFO  o.e.m.c.i.embedder.EclipseLogger - skip non existing resourceDirectory /Users/kvashisth/eclipse-playwright/PlayWright/PlaywrightSessions/src/main/resources
2023-12-17 01:02:44,135 [Worker-58: Building] INFO  o.e.m.c.i.embedder.EclipseLogger - Using 'UTF-8' encoding to copy filtered resources.
2023-12-17 01:02:44,135 [Worker-58: Building] INFO  o.e.m.c.i.embedder.EclipseLogger - skip non existing resourceDirectory /Users/kvashisth/eclipse-playwright/PlayWright/PlaywrightSessions/src/test/resources
2023-12-17 01:04:12,786 [Worker-53: Building] INFO  o.e.m.c.i.embedder.EclipseLogger - Using 'UTF-8' encoding to copy filtered resources.
2023-12-17 01:04:12,787 [Worker-53: Building] INFO  o.e.m.c.i.embedder.EclipseLogger - skip non existing resourceDirectory /Users/kvashisth/eclipse-playwright/PlayWright/PlaywrightSessions/src/main/resources
2023-12-17 01:04:12,789 [Worker-53: Building] INFO  o.e.m.c.i.embedder.EclipseLogger - Using 'UTF-8' encoding to copy filtered resources.
2023-12-17 01:04:12,789 [Worker-53: Building] INFO  o.e.m.c.i.embedder.EclipseLogger - skip non existing resourceDirectory /Users/kvashisth/eclipse-playwright/PlayWright/PlaywrightSessions/src/test/resources
2023-12-17 01:05:47,479 [Worker-56: Building] INFO  o.e.m.c.i.embedder.EclipseLogger - Using 'UTF-8' encoding to copy filtered resources.
2023-12-17 01:05:47,480 [Worker-56: Building] INFO  o.e.m.c.i.embedder.EclipseLogger - skip non existing resourceDirectory /Users/kvashisth/eclipse-playwright/PlayWright/PlaywrightSessions/src/main/resources
2023-12-17 01:05:47,482 [Worker-56: Building] INFO  o.e.m.c.i.embedder.EclipseLogger - Using 'UTF-8' encoding to copy filtered resources.
2023-12-17 01:05:47,483 [Worker-56: Building] INFO  o.e.m.c.i.embedder.EclipseLogger - skip non existing resourceDirectory /Users/kvashisth/eclipse-playwright/PlayWright/PlaywrightSessions/src/test/resources
2023-12-17 01:06:58,157 [Worker-53: Building] INFO  o.e.m.c.i.embedder.EclipseLogger - Using 'UTF-8' encoding to copy filtered resources.
2023-12-17 01:06:58,157 [Worker-53: Building] INFO  o.e.m.c.i.embedder.EclipseLogger - skip non existing resourceDirectory /Users/kvashisth/eclipse-playwright/PlayWright/PlaywrightSessions/src/main/resources
2023-12-17 01:06:58,158 [Worker-53: Building] INFO  o.e.m.c.i.embedder.EclipseLogger - Using 'UTF-8' encoding to copy filtered resources.
2023-12-17 01:06:58,158 [Worker-53: Building] INFO  o.e.m.c.i.embedder.EclipseLogger - skip non existing resourceDirectory /Users/kvashisth/eclipse-playwright/PlayWright/PlaywrightSessions/src/test/resources
2023-12-17 01:08:56,229 [Worker-61: Launching LocatorConcept] INFO  o.e.m.c.i.embedder.EclipseLogger - Using 'UTF-8' encoding to copy filtered resources.
2023-12-17 01:08:56,230 [Worker-61: Launching LocatorConcept] INFO  o.e.m.c.i.embedder.EclipseLogger - skip non existing resourceDirectory /Users/kvashisth/eclipse-playwright/PlayWright/PlaywrightSessions/src/main/resources
2023-12-17 01:08:56,231 [Worker-61: Launching LocatorConcept] INFO  o.e.m.c.i.embedder.EclipseLogger - Using 'UTF-8' encoding to copy filtered resources.
2023-12-17 01:08:56,231 [Worker-61: Launching LocatorConcept] INFO  o.e.m.c.i.embedder.EclipseLogger - skip non existing resourceDirectory /Users/kvashisth/eclipse-playwright/PlayWright/PlaywrightSessions/src/test/resources
2023-12-17 01:10:13,642 [Worker-62: Launching LocatorConcept] INFO  o.e.m.c.i.embedder.EclipseLogger - Using 'UTF-8' encoding to copy filtered resources.
2023-12-17 01:10:13,643 [Worker-62: Launching LocatorConcept] INFO  o.e.m.c.i.embedder.EclipseLogger - skip non existing resourceDirectory /Users/kvashisth/eclipse-playwright/PlayWright/PlaywrightSessions/src/main/resources
2023-12-17 01:10:13,645 [Worker-62: Launching LocatorConcept] INFO  o.e.m.c.i.embedder.EclipseLogger - Using 'UTF-8' encoding to copy filtered resources.
2023-12-17 01:10:13,645 [Worker-62: Launching LocatorConcept] INFO  o.e.m.c.i.embedder.EclipseLogger - skip non existing resourceDirectory /Users/kvashisth/eclipse-playwright/PlayWright/PlaywrightSessions/src/test/resources
2023-12-17 01:10:48,196 [Worker-48: Building] INFO  o.e.m.c.i.embedder.EclipseLogger - Using 'UTF-8' encoding to copy filtered resources.
2023-12-17 01:10:48,196 [Worker-48: Building] INFO  o.e.m.c.i.embedder.EclipseLogger - skip non existing resourceDirectory /Users/kvashisth/eclipse-playwright/PlayWright/PlaywrightSessions/src/main/resources
2023-12-17 01:10:48,199 [Worker-48: Building] INFO  o.e.m.c.i.embedder.EclipseLogger - Using 'UTF-8' encoding to copy filtered resources.
2023-12-17 01:10:48,199 [Worker-48: Building] INFO  o.e.m.c.i.embedder.EclipseLogger - skip non existing resourceDirectory /Users/kvashisth/eclipse-playwright/PlayWright/PlaywrightSessions/src/test/resources
2023-12-17 01:12:22,616 [Worker-48: Building] INFO  o.e.m.c.i.embedder.EclipseLogger - Using 'UTF-8' encoding to copy filtered resources.
2023-12-17 01:12:22,617 [Worker-48: Building] INFO  o.e.m.c.i.embedder.EclipseLogger - skip non existing resourceDirectory /Users/kvashisth/eclipse-playwright/PlayWright/PlaywrightSessions/src/main/resources
2023-12-17 01:12:22,618 [Worker-48: Building] INFO  o.e.m.c.i.embedder.EclipseLogger - Using 'UTF-8' encoding to copy filtered resources.
2023-12-17 01:12:22,618 [Worker-48: Building] INFO  o.e.m.c.i.embedder.EclipseLogger - skip non existing resourceDirectory /Users/kvashisth/eclipse-playwright/PlayWright/PlaywrightSessions/src/test/resources
2023-12-17 01:55:13,685 [Worker-65: Building] INFO  o.e.m.c.i.embedder.EclipseLogger - Using 'UTF-8' encoding to copy filtered resources.
2023-12-17 01:55:13,685 [Worker-65: Building] INFO  o.e.m.c.i.embedder.EclipseLogger - skip non existing resourceDirectory /Users/kvashisth/eclipse-playwright/PlayWright/PlaywrightSessions/src/main/resources
2023-12-17 01:55:13,687 [Worker-65: Building] INFO  o.e.m.c.i.embedder.EclipseLogger - Using 'UTF-8' encoding to copy filtered resources.
2023-12-17 01:55:13,687 [Worker-65: Building] INFO  o.e.m.c.i.embedder.EclipseLogger - skip non existing resourceDirectory /Users/kvashisth/eclipse-playwright/PlayWright/PlaywrightSessions/src/test/resources
2023-12-17 01:56:46,807 [Worker-65: Building] INFO  o.e.m.c.i.embedder.EclipseLogger - Using 'UTF-8' encoding to copy filtered resources.
2023-12-17 01:56:46,808 [Worker-65: Building] INFO  o.e.m.c.i.embedder.EclipseLogger - skip non existing resourceDirectory /Users/kvashisth/eclipse-playwright/PlayWright/PlaywrightSessions/src/main/resources
2023-12-17 01:56:46,809 [Worker-65: Building] INFO  o.e.m.c.i.embedder.EclipseLogger - Using 'UTF-8' encoding to copy filtered resources.
2023-12-17 01:56:46,809 [Worker-65: Building] INFO  o.e.m.c.i.embedder.EclipseLogger - skip non existing resourceDirectory /Users/kvashisth/eclipse-playwright/PlayWright/PlaywrightSessions/src/test/resources
2023-12-17 01:58:53,477 [Worker-66: Building] INFO  o.e.m.c.i.embedder.EclipseLogger - Using 'UTF-8' encoding to copy filtered resources.
2023-12-17 01:58:53,478 [Worker-66: Building] INFO  o.e.m.c.i.embedder.EclipseLogger - skip non existing resourceDirectory /Users/kvashisth/eclipse-playwright/PlayWright/PlaywrightSessions/src/main/resources
2023-12-17 01:58:53,480 [Worker-66: Building] INFO  o.e.m.c.i.embedder.EclipseLogger - Using 'UTF-8' encoding to copy filtered resources.
2023-12-17 01:58:53,480 [Worker-66: Building] INFO  o.e.m.c.i.embedder.EclipseLogger - skip non existing resourceDirectory /Users/kvashisth/eclipse-playwright/PlayWright/PlaywrightSessions/src/test/resources
2023-12-17 16:25:57,846 [Worker-67: Building] INFO  o.e.m.c.i.embedder.EclipseLogger - Using 'UTF-8' encoding to copy filtered resources.
2023-12-17 16:25:57,847 [Worker-67: Building] INFO  o.e.m.c.i.embedder.EclipseLogger - skip non existing resourceDirectory /Users/kvashisth/eclipse-playwright/PlayWright/PlaywrightSessions/src/main/resources
2023-12-17 16:25:57,852 [Worker-67: Building] INFO  o.e.m.c.i.embedder.EclipseLogger - Using 'UTF-8' encoding to copy filtered resources.
2023-12-17 16:25:57,852 [Worker-67: Building] INFO  o.e.m.c.i.embedder.EclipseLogger - skip non existing resourceDirectory /Users/kvashisth/eclipse-playwright/PlayWright/PlaywrightSessions/src/test/resources
2023-12-17 16:29:27,282 [Worker-69: Building] INFO  o.e.m.c.i.embedder.EclipseLogger - Using 'UTF-8' encoding to copy filtered resources.
2023-12-17 16:29:27,283 [Worker-69: Building] INFO  o.e.m.c.i.embedder.EclipseLogger - skip non existing resourceDirectory /Users/kvashisth/eclipse-playwright/PlayWright/PlaywrightSessions/src/main/resources
2023-12-17 16:29:27,285 [Worker-69: Building] INFO  o.e.m.c.i.embedder.EclipseLogger - Using 'UTF-8' encoding to copy filtered resources.
2023-12-17 16:29:27,285 [Worker-69: Building] INFO  o.e.m.c.i.embedder.EclipseLogger - skip non existing resourceDirectory /Users/kvashisth/eclipse-playwright/PlayWright/PlaywrightSessions/src/test/resources
2023-12-17 16:30:29,075 [Worker-69: Building] INFO  o.e.m.c.i.embedder.EclipseLogger - Using 'UTF-8' encoding to copy filtered resources.
2023-12-17 16:30:29,075 [Worker-69: Building] INFO  o.e.m.c.i.embedder.EclipseLogger - skip non existing resourceDirectory /Users/kvashisth/eclipse-playwright/PlayWright/PlaywrightSessions/src/main/resources
2023-12-17 16:30:29,077 [Worker-69: Building] INFO  o.e.m.c.i.embedder.EclipseLogger - Using 'UTF-8' encoding to copy filtered resources.
2023-12-17 16:30:29,077 [Worker-69: Building] INFO  o.e.m.c.i.embedder.EclipseLogger - skip non existing resourceDirectory /Users/kvashisth/eclipse-playwright/PlayWright/PlaywrightSessions/src/test/resources
2023-12-17 16:35:20,288 [Worker-71: Building] INFO  o.e.m.c.i.embedder.EclipseLogger - Using 'UTF-8' encoding to copy filtered resources.
2023-12-17 16:35:20,288 [Worker-71: Building] INFO  o.e.m.c.i.embedder.EclipseLogger - skip non existing resourceDirectory /Users/kvashisth/eclipse-playwright/PlayWright/PlaywrightSessions/src/main/resources
2023-12-17 16:35:20,289 [Worker-71: Building] INFO  o.e.m.c.i.embedder.EclipseLogger - Using 'UTF-8' encoding to copy filtered resources.
2023-12-17 16:35:20,289 [Worker-71: Building] INFO  o.e.m.c.i.embedder.EclipseLogger - skip non existing resourceDirectory /Users/kvashisth/eclipse-playwright/PlayWright/PlaywrightSessions/src/test/resources
2023-12-17 16:38:35,858 [Worker-71: Building] INFO  o.e.m.c.i.embedder.EclipseLogger - Using 'UTF-8' encoding to copy filtered resources.
2023-12-17 16:38:35,858 [Worker-71: Building] INFO  o.e.m.c.i.embedder.EclipseLogger - skip non existing resourceDirectory /Users/kvashisth/eclipse-playwright/PlayWright/PlaywrightSessions/src/main/resources
2023-12-17 16:38:35,860 [Worker-71: Building] INFO  o.e.m.c.i.embedder.EclipseLogger - Using 'UTF-8' encoding to copy filtered resources.
2023-12-17 16:38:35,860 [Worker-71: Building] INFO  o.e.m.c.i.embedder.EclipseLogger - skip non existing resourceDirectory /Users/kvashisth/eclipse-playwright/PlayWright/PlaywrightSessions/src/test/resources
2023-12-17 16:38:45,424 [Worker-66: Building] INFO  o.e.m.c.i.embedder.EclipseLogger - Using 'UTF-8' encoding to copy filtered resources.
2023-12-17 16:38:45,424 [Worker-66: Building] INFO  o.e.m.c.i.embedder.EclipseLogger - skip non existing resourceDirectory /Users/kvashisth/eclipse-playwright/PlayWright/PlaywrightSessions/src/main/resources
2023-12-17 16:38:45,426 [Worker-66: Building] INFO  o.e.m.c.i.embedder.EclipseLogger - Using 'UTF-8' encoding to copy filtered resources.
2023-12-17 16:38:45,426 [Worker-66: Building] INFO  o.e.m.c.i.embedder.EclipseLogger - skip non existing resourceDirectory /Users/kvashisth/eclipse-playwright/PlayWright/PlaywrightSessions/src/test/resources
2023-12-17 16:52:15,736 [Worker-71: Building] INFO  o.e.m.c.i.embedder.EclipseLogger - Using 'UTF-8' encoding to copy filtered resources.
2023-12-17 16:52:15,736 [Worker-71: Building] INFO  o.e.m.c.i.embedder.EclipseLogger - skip non existing resourceDirectory /Users/kvashisth/eclipse-playwright/PlayWright/PlaywrightSessions/src/main/resources
2023-12-17 16:52:15,738 [Worker-71: Building] INFO  o.e.m.c.i.embedder.EclipseLogger - Using 'UTF-8' encoding to copy filtered resources.
2023-12-17 16:52:15,738 [Worker-71: Building] INFO  o.e.m.c.i.embedder.EclipseLogger - skip non existing resourceDirectory /Users/kvashisth/eclipse-playwright/PlayWright/PlaywrightSessions/src/test/resources
2023-12-17 16:52:26,932 [Worker-72: Building] INFO  o.e.m.c.i.embedder.EclipseLogger - Using 'UTF-8' encoding to copy filtered resources.
2023-12-17 16:52:26,932 [Worker-72: Building] INFO  o.e.m.c.i.embedder.EclipseLogger - skip non existing resourceDirectory /Users/kvashisth/eclipse-playwright/PlayWright/PlaywrightSessions/src/main/resources
2023-12-17 16:52:26,934 [Worker-72: Building] INFO  o.e.m.c.i.embedder.EclipseLogger - Using 'UTF-8' encoding to copy filtered resources.
2023-12-17 16:52:26,934 [Worker-72: Building] INFO  o.e.m.c.i.embedder.EclipseLogger - skip non existing resourceDirectory /Users/kvashisth/eclipse-playwright/PlayWright/PlaywrightSessions/src/test/resources
2023-12-17 16:58:49,949 [Worker-74: Building] INFO  o.e.m.c.i.embedder.EclipseLogger - Using 'UTF-8' encoding to copy filtered resources.
2023-12-17 16:58:49,949 [Worker-74: Building] INFO  o.e.m.c.i.embedder.EclipseLogger - skip non existing resourceDirectory /Users/kvashisth/eclipse-playwright/PlayWright/PlaywrightSessions/src/main/resources
2023-12-17 16:58:49,951 [Worker-74: Building] INFO  o.e.m.c.i.embedder.EclipseLogger - Using 'UTF-8' encoding to copy filtered resources.
2023-12-17 16:58:49,951 [Worker-74: Building] INFO  o.e.m.c.i.embedder.EclipseLogger - skip non existing resourceDirectory /Users/kvashisth/eclipse-playwright/PlayWright/PlaywrightSessions/src/test/resources
2023-12-17 17:00:07,998 [Worker-75: Building] INFO  o.e.m.c.i.embedder.EclipseLogger - Using 'UTF-8' encoding to copy filtered resources.
2023-12-17 17:00:07,998 [Worker-75: Building] INFO  o.e.m.c.i.embedder.EclipseLogger - skip non existing resourceDirectory /Users/kvashisth/eclipse-playwright/PlayWright/PlaywrightSessions/src/main/resources
2023-12-17 17:00:08,000 [Worker-75: Building] INFO  o.e.m.c.i.embedder.EclipseLogger - Using 'UTF-8' encoding to copy filtered resources.
2023-12-17 17:00:08,000 [Worker-75: Building] INFO  o.e.m.c.i.embedder.EclipseLogger - skip non existing resourceDirectory /Users/kvashisth/eclipse-playwright/PlayWright/PlaywrightSessions/src/test/resources
2023-12-17 17:06:17,229 [Worker-75: Building] INFO  o.e.m.c.i.embedder.EclipseLogger - Using 'UTF-8' encoding to copy filtered resources.
2023-12-17 17:06:17,229 [Worker-75: Building] INFO  o.e.m.c.i.embedder.EclipseLogger - skip non existing resourceDirectory /Users/kvashisth/eclipse-playwright/PlayWright/PlaywrightSessions/src/main/resources
2023-12-17 17:06:17,231 [Worker-75: Building] INFO  o.e.m.c.i.embedder.EclipseLogger - Using 'UTF-8' encoding to copy filtered resources.
2023-12-17 17:06:17,232 [Worker-75: Building] INFO  o.e.m.c.i.embedder.EclipseLogger - skip non existing resourceDirectory /Users/kvashisth/eclipse-playwright/PlayWright/PlaywrightSessions/src/test/resources
2023-12-17 17:08:02,034 [Worker-71: Building] INFO  o.e.m.c.i.embedder.EclipseLogger - Using 'UTF-8' encoding to copy filtered resources.
2023-12-17 17:08:02,034 [Worker-71: Building] INFO  o.e.m.c.i.embedder.EclipseLogger - skip non existing resourceDirectory /Users/kvashisth/eclipse-playwright/PlayWright/PlaywrightSessions/src/main/resources
2023-12-17 17:08:02,036 [Worker-71: Building] INFO  o.e.m.c.i.embedder.EclipseLogger - Using 'UTF-8' encoding to copy filtered resources.
2023-12-17 17:08:02,036 [Worker-71: Building] INFO  o.e.m.c.i.embedder.EclipseLogger - skip non existing resourceDirectory /Users/kvashisth/eclipse-playwright/PlayWright/PlaywrightSessions/src/test/resources
2023-12-17 17:08:09,265 [Worker-75: Building] INFO  o.e.m.c.i.embedder.EclipseLogger - Using 'UTF-8' encoding to copy filtered resources.
2023-12-17 17:08:09,265 [Worker-75: Building] INFO  o.e.m.c.i.embedder.EclipseLogger - skip non existing resourceDirectory /Users/kvashisth/eclipse-playwright/PlayWright/PlaywrightSessions/src/main/resources
2023-12-17 17:08:09,266 [Worker-75: Building] INFO  o.e.m.c.i.embedder.EclipseLogger - Using 'UTF-8' encoding to copy filtered resources.
2023-12-17 17:08:09,266 [Worker-75: Building] INFO  o.e.m.c.i.embedder.EclipseLogger - skip non existing resourceDirectory /Users/kvashisth/eclipse-playwright/PlayWright/PlaywrightSessions/src/test/resources
2023-12-17 17:19:07,004 [Worker-76: Building] INFO  o.e.m.c.i.embedder.EclipseLogger - Using 'UTF-8' encoding to copy filtered resources.
2023-12-17 17:19:07,004 [Worker-76: Building] INFO  o.e.m.c.i.embedder.EclipseLogger - skip non existing resourceDirectory /Users/kvashisth/eclipse-playwright/PlayWright/PlaywrightSessions/src/main/resources
2023-12-17 17:19:07,006 [Worker-76: Building] INFO  o.e.m.c.i.embedder.EclipseLogger - Using 'UTF-8' encoding to copy filtered resources.
2023-12-17 17:19:07,006 [Worker-76: Building] INFO  o.e.m.c.i.embedder.EclipseLogger - skip non existing resourceDirectory /Users/kvashisth/eclipse-playwright/PlayWright/PlaywrightSessions/src/test/resources
2023-12-17 17:19:17,801 [Worker-76: Building] INFO  o.e.m.c.i.embedder.EclipseLogger - Using 'UTF-8' encoding to copy filtered resources.
2023-12-17 17:19:17,801 [Worker-76: Building] INFO  o.e.m.c.i.embedder.EclipseLogger - skip non existing resourceDirectory /Users/kvashisth/eclipse-playwright/PlayWright/PlaywrightSessions/src/main/resources
2023-12-17 17:19:17,803 [Worker-76: Building] INFO  o.e.m.c.i.embedder.EclipseLogger - Using 'UTF-8' encoding to copy filtered resources.
2023-12-17 17:19:17,803 [Worker-76: Building] INFO  o.e.m.c.i.embedder.EclipseLogger - skip non existing resourceDirectory /Users/kvashisth/eclipse-playwright/PlayWright/PlaywrightSessions/src/test/resources
2023-12-17 17:24:17,270 [Worker-79: Building] INFO  o.e.m.c.i.embedder.EclipseLogger - Using 'UTF-8' encoding to copy filtered resources.
2023-12-17 17:24:17,271 [Worker-79: Building] INFO  o.e.m.c.i.embedder.EclipseLogger - skip non existing resourceDirectory /Users/kvashisth/eclipse-playwright/PlayWright/PlaywrightSessions/src/main/resources
2023-12-17 17:24:17,273 [Worker-79: Building] INFO  o.e.m.c.i.embedder.EclipseLogger - Using 'UTF-8' encoding to copy filtered resources.
2023-12-17 17:24:17,273 [Worker-79: Building] INFO  o.e.m.c.i.embedder.EclipseLogger - skip non existing resourceDirectory /Users/kvashisth/eclipse-playwright/PlayWright/PlaywrightSessions/src/test/resources
2023-12-18 00:31:08,533 [Worker-79: Building] INFO  o.e.m.c.i.embedder.EclipseLogger - Using 'UTF-8' encoding to copy filtered resources.
2023-12-18 00:31:08,534 [Worker-79: Building] INFO  o.e.m.c.i.embedder.EclipseLogger - skip non existing resourceDirectory /Users/kvashisth/eclipse-playwright/PlayWright/PlaywrightSessions/src/main/resources
2023-12-18 00:31:08,536 [Worker-79: Building] INFO  o.e.m.c.i.embedder.EclipseLogger - Using 'UTF-8' encoding to copy filtered resources.
2023-12-18 00:31:08,536 [Worker-79: Building] INFO  o.e.m.c.i.embedder.EclipseLogger - skip non existing resourceDirectory /Users/kvashisth/eclipse-playwright/PlayWright/PlaywrightSessions/src/test/resources
2023-12-18 00:32:51,414 [Worker-79: Building] INFO  o.e.m.c.i.embedder.EclipseLogger - Using 'UTF-8' encoding to copy filtered resources.
2023-12-18 00:32:51,415 [Worker-79: Building] INFO  o.e.m.c.i.embedder.EclipseLogger - skip non existing resourceDirectory /Users/kvashisth/eclipse-playwright/PlayWright/PlaywrightSessions/src/main/resources
2023-12-18 00:32:51,417 [Worker-79: Building] INFO  o.e.m.c.i.embedder.EclipseLogger - Using 'UTF-8' encoding to copy filtered resources.
2023-12-18 00:32:51,417 [Worker-79: Building] INFO  o.e.m.c.i.embedder.EclipseLogger - skip non existing resourceDirectory /Users/kvashisth/eclipse-playwright/PlayWright/PlaywrightSessions/src/test/resources
2023-12-19 00:15:32,393 [Worker-1: Loading available Gradle versions] INFO  o.e.b.c.i.u.g.PublishedGradleVersions - Gradle version information cache is out-of-date. Trying to update.
2023-12-19 00:16:08,295 [Worker-2: Building] INFO  o.e.m.c.i.embedder.EclipseLogger - Using 'UTF-8' encoding to copy filtered resources.
2023-12-19 00:16:08,298 [Worker-2: Building] INFO  o.e.m.c.i.embedder.EclipseLogger - skip non existing resourceDirectory /Users/kvashisth/eclipse-playwright/PlayWright/PlaywrightSessions/src/main/resources
2023-12-19 00:16:08,304 [Worker-2: Building] INFO  o.e.m.c.i.embedder.EclipseLogger - Using 'UTF-8' encoding to copy filtered resources.
2023-12-19 00:16:08,304 [Worker-2: Building] INFO  o.e.m.c.i.embedder.EclipseLogger - skip non existing resourceDirectory /Users/kvashisth/eclipse-playwright/PlayWright/PlaywrightSessions/src/test/resources
2023-12-19 00:16:55,657 [Worker-26: Building] INFO  o.e.m.c.i.embedder.EclipseLogger - Using 'UTF-8' encoding to copy filtered resources.
2023-12-19 00:16:55,657 [Worker-26: Building] INFO  o.e.m.c.i.embedder.EclipseLogger - skip non existing resourceDirectory /Users/kvashisth/eclipse-playwright/PlayWright/PlaywrightSessions/src/main/resources
2023-12-19 00:16:55,660 [Worker-26: Building] INFO  o.e.m.c.i.embedder.EclipseLogger - Using 'UTF-8' encoding to copy filtered resources.
2023-12-19 00:16:55,660 [Worker-26: Building] INFO  o.e.m.c.i.embedder.EclipseLogger - skip non existing resourceDirectory /Users/kvashisth/eclipse-playwright/PlayWright/PlaywrightSessions/src/test/resources
2023-12-19 00:18:16,191 [Worker-4: Building] INFO  o.e.m.c.i.embedder.EclipseLogger - Using 'UTF-8' encoding to copy filtered resources.
2023-12-19 00:18:16,192 [Worker-4: Building] INFO  o.e.m.c.i.embedder.EclipseLogger - skip non existing resourceDirectory /Users/kvashisth/eclipse-playwright/PlayWright/PlaywrightSessions/src/main/resources
2023-12-19 00:18:16,194 [Worker-4: Building] INFO  o.e.m.c.i.embedder.EclipseLogger - Using 'UTF-8' encoding to copy filtered resources.
2023-12-19 00:18:16,195 [Worker-4: Building] INFO  o.e.m.c.i.embedder.EclipseLogger - skip non existing resourceDirectory /Users/kvashisth/eclipse-playwright/PlayWright/PlaywrightSessions/src/test/resources
2023-12-19 00:20:13,682 [Worker-37: Building] INFO  o.e.m.c.i.embedder.EclipseLogger - Using 'UTF-8' encoding to copy filtered resources.
2023-12-19 00:20:13,682 [Worker-37: Building] INFO  o.e.m.c.i.embedder.EclipseLogger - skip non existing resourceDirectory /Users/kvashisth/eclipse-playwright/PlayWright/PlaywrightSessions/src/main/resources
2023-12-19 00:20:13,684 [Worker-37: Building] INFO  o.e.m.c.i.embedder.EclipseLogger - Using 'UTF-8' encoding to copy filtered resources.
2023-12-19 00:20:13,685 [Worker-37: Building] INFO  o.e.m.c.i.embedder.EclipseLogger - skip non existing resourceDirectory /Users/kvashisth/eclipse-playwright/PlayWright/PlaywrightSessions/src/test/resources
2023-12-19 00:20:53,811 [Worker-37: Building] INFO  o.e.m.c.i.embedder.EclipseLogger - Using 'UTF-8' encoding to copy filtered resources.
2023-12-19 00:20:53,811 [Worker-37: Building] INFO  o.e.m.c.i.embedder.EclipseLogger - skip non existing resourceDirectory /Users/kvashisth/eclipse-playwright/PlayWright/PlaywrightSessions/src/main/resources
2023-12-19 00:20:53,814 [Worker-37: Building] INFO  o.e.m.c.i.embedder.EclipseLogger - Using 'UTF-8' encoding to copy filtered resources.
2023-12-19 00:20:53,814 [Worker-37: Building] INFO  o.e.m.c.i.embedder.EclipseLogger - skip non existing resourceDirectory /Users/kvashisth/eclipse-playwright/PlayWright/PlaywrightSessions/src/test/resources
2023-12-19 00:20:59,078 [Worker-38: Building] INFO  o.e.m.c.i.embedder.EclipseLogger - Using 'UTF-8' encoding to copy filtered resources.
2023-12-19 00:20:59,079 [Worker-38: Building] INFO  o.e.m.c.i.embedder.EclipseLogger - skip non existing resourceDirectory /Users/kvashisth/eclipse-playwright/PlayWright/PlaywrightSessions/src/main/resources
2023-12-19 00:20:59,080 [Worker-38: Building] INFO  o.e.m.c.i.embedder.EclipseLogger - Using 'UTF-8' encoding to copy filtered resources.
2023-12-19 00:20:59,080 [Worker-38: Building] INFO  o.e.m.c.i.embedder.EclipseLogger - skip non existing resourceDirectory /Users/kvashisth/eclipse-playwright/PlayWright/PlaywrightSessions/src/test/resources
